
------------------------------------------------------------
Sender: LSF System <lsfadmin@hpc.dtu.dk>
Subject: Job 15174401: <ser> in cluster <dcc> Done

Job <ser> was submitted from host <n-62-30-6> by user <s222883> in cluster <dcc> at Thu Jan 12 12:59:42 2023
Job was executed on host(s) <n-62-21-6>, in queue <hpcintro>, as user <s222883> in cluster <dcc> at Thu Jan 12 13:24:44 2023
</zhome/58/f/181392> was used as the home directory.
</zhome/58/f/181392/DTU/HPC/Assignment2/Ser> was used as the working directory.
Started at Thu Jan 12 13:24:44 2023
Terminated at Thu Jan 12 13:47:46 2023
Results reported at Thu Jan 12 13:47:46 2023

Your job looked like:

------------------------------------------------------------
# LSBATCH: User input
#!/bin/bash

# 02614 - High-Performance Computing, January 2022
# 
# batch script to run matmult on a decidated server in the hpcintro
# queue
#

#BSUB -J ser
#BSUB -oo ser.out
#BSUB -eo ser.err
#BSUB -q hpcintro
#BSUB -n 1
#BSUB -R "rusage[mem=2048]"
#BSUB -R "select[model == XeonE5_2650v4]"
#BSUB -W 60
#BSUB -R "span[hosts=1] affinity[socket(1)]"

SIZES="250"
MAX_IT="10000"
TOL=1e-2
INIT=0

echo "#Probblem size    Iterations     Distance      Wall time\n"  >> gs_ser.dat
for S in $SIZES
do
	./poisson_gs $S $MAX_IT $TOL $INIT >> gs_ser.dat
done

------------------------------------------------------------

Successfully completed.

Resource usage summary:

    CPU time :                                   1383.04 sec.
    Max Memory :                                 372 MB
    Average Memory :                             372.00 MB
    Total Requested Memory :                     2048.00 MB
    Delta Memory :                               1676.00 MB
    Max Swap :                                   -
    Max Processes :                              4
    Max Threads :                                5
    Run time :                                   1382 sec.
    Turnaround time :                            2884 sec.

The output (if any) is above this job summary.



PS:

Read file <ser.err> for stderr output of this job.

