
------------------------------------------------------------
Sender: LSF System <lsfadmin@hpc.dtu.dk>
Subject: Job 15176313: <par> in cluster <dcc> Done

Job <par> was submitted from host <n-62-30-1> by user <s222930> in cluster <dcc> at Thu Jan 12 19:37:49 2023
Job was executed on host(s) <24*n-62-21-2>, in queue <hpcintro>, as user <s222930> in cluster <dcc> at Thu Jan 12 19:37:49 2023
</zhome/d4/9/181446> was used as the home directory.
</zhome/d4/9/181446/workspace/HPC/Par_Simp> was used as the working directory.
Started at Thu Jan 12 19:37:49 2023
Terminated at Thu Jan 12 19:42:57 2023
Results reported at Thu Jan 12 19:42:57 2023

Your job looked like:

------------------------------------------------------------
# LSBATCH: User input
#!/bin/bash

# 02614 - High-Performance Computing, January 2022
# 
# batch script to run matmult on a decidated server in the hpcintro
# queue
#

#BSUB -J par
#BSUB -oo par.out
#BSUB -eo par.err
#BSUB -q hpcintro
#BSUB -n 24
#BSUB -R "rusage[mem=2048]"
#BSUB -R "select[model == XeonE5_2650v4]"
#BSUB -W 60
#BSUB -R "span[hosts=1]"

#export OMP_PROC_BIND=close

EXECUTABLE=poisson_j

SIZES="20 50 100 150 200"
MAX_IT="4000"
TOL=1e-2
INIT=0




# start the collect command with the above settings
echo "ProblemSize,Iterations,Distance,Walltime,Cores" >> jac_par_simple.dat
for C in 1
do
	for S in $SIZES
	do
		OMP_NUM_THREADS=$C ./$EXECUTABLE $S $MAX_IT $TOL $INIT 0 $C >> jac_par_simple.dat
	done
done

------------------------------------------------------------

Successfully completed.

Resource usage summary:

    CPU time :                                   307.56 sec.
    Max Memory :                                 194 MB
    Average Memory :                             152.75 MB
    Total Requested Memory :                     49152.00 MB
    Delta Memory :                               48958.00 MB
    Max Swap :                                   -
    Max Processes :                              4
    Max Threads :                                5
    Run time :                                   308 sec.
    Turnaround time :                            308 sec.

The output (if any) is above this job summary.



PS:

Read file <par.err> for stderr output of this job.

