200           4000                  3.051852                  206.890049             1 
200           4000                  3.051852                  104.801419             2 
200           4000                  3.051852                  72.460247             3 
200           4000                  3.051852                  54.391578             4 
200           4000                  3.051852                  45.317703             5 
200           4000                  3.051852                  38.262959             6 
200           4000                  3.051852                  34.356116             7 
200           4000                  3.051852                  30.892089             8 
200           4000                  3.051852                  28.827312             9 
200           4000                  3.051852                  27.953439             10 
200           4000                  3.051852                  26.006188             11 
200           4000                  3.051852                  25.184794             12 
200           4000                  3.051852                  24.554868             13 
200           4000                  3.051852                  24.865079             14 
200           4000                  3.051852                  25.922652             15 
200           4000                  3.051852                  26.324378             16 
200           4000                  3.051852                  26.662100             17 
200           4000                  3.051852                  28.157880             18 
200           4000                  3.051852                  25.745342             19 
200           4000                  3.051852                  25.795549             20 
200           4000                  3.051852                  23.859999             21 
200           4000                  3.051852                  23.358915             22 
200           4000                  3.051852                  21.768650             23 
200           4000                  3.051852                  22.461381             24 

------------------------------------------------------------
Sender: LSF System <lsfadmin@hpc.dtu.dk>
Subject: Job 15182126: <par> in cluster <dcc> Done

Job <par> was submitted from host <n-62-27-17> by user <s223425> in cluster <dcc> at Fri Jan 13 16:05:52 2023
Job was executed on host(s) <24*n-62-21-5>, in queue <hpcintro>, as user <s223425> in cluster <dcc> at Fri Jan 13 16:05:54 2023
</zhome/d3/c/184297> was used as the home directory.
</zhome/d3/c/184297/dtu-sny/02614-HPC/Assignment2/git/v2/HPC/Par_Simp> was used as the working directory.
Started at Fri Jan 13 16:05:54 2023
Terminated at Fri Jan 13 16:23:09 2023
Results reported at Fri Jan 13 16:23:09 2023

Your job looked like:

------------------------------------------------------------
# LSBATCH: User input
#!/bin/bash

# 02614 - High-Performance Computing, January 2022

#BSUB -J par
#BSUB -oo par.out
#BSUB -eo par.err
#BSUB -q hpcintro
#BSUB -n 24
#BSUB -R "rusage[mem=2048]"
#BSUB -R "select[model == XeonE5_2650v4]"
#BSUB -W 60
#BSUB -R "span[hosts=1]"

#export OMP_PROC_BIND=close

module load studio

EXECUTABLE=poisson_j
EXECOPTS="200 4000 1e-2 0 4"
export OMP_PROC_BIND=spread
#export OMP_PLACES={0},{11},{12},{23}
#export OMP_SCHEDULE=static
export OMP_DISPLAY_ENV=verbose
export OMP_WAIT_POLICY=active
CORES="1 2 3 4 5 6 7 8 9 10 11 12 13 14 15 16 17 18 19 20 21 22 23 24"


for C in $CORES
do
    export OMP_NUM_THREADS=$C
    collect -o $C.er -p on -S on -h dcm -h l2m -h l3m ./$EXECUTABLE $EXECOPTS $C
done

------------------------------------------------------------

Successfully completed.

Resource usage summary:

    CPU time :                                   8691.00 sec.
    Max Memory :                                 218 MB
    Average Memory :                             139.25 MB
    Total Requested Memory :                     49152.00 MB
    Delta Memory :                               48934.00 MB
    Max Swap :                                   -
    Max Processes :                              8
    Max Threads :                                26
    Run time :                                   1035 sec.
    Turnaround time :                            1037 sec.

The output (if any) is above this job summary.



PS:

Read file <par.err> for stderr output of this job.

