200           4000                  3.051852                  203.553129             1 
200           4000                  3.051852                  103.409404             2 
200           4000                  3.051852                  71.914295             3 
200           4000                  3.051852                  54.055359             4 
200           4000                  3.051852                  45.619413             5 
200           4000                  3.051852                  38.549280             6 
200           4000                  3.051852                  33.937497             7 
200           4000                  3.051852                  30.108783             8 
200           4000                  3.051852                  28.827222             9 
200           4000                  3.051852                  27.998299             10 
200           4000                  3.051852                  26.237358             11 
200           4000                  3.051852                  24.128068             12 
200           4000                  3.051852                  24.865128             13 
200           4000                  3.051852                  24.135709             14 
200           4000                  3.051852                  25.245905             15 
200           4000                  3.051852                  26.405720             16 
200           4000                  3.051852                  27.027297             17 
200           4000                  3.051852                  28.155696             18 
200           4000                  3.051852                  26.624492             19 
200           4000                  3.051852                  25.013614             20 
200           4000                  3.051852                  23.758931             21 
200           4000                  3.051852                  22.642083             22 
200           4000                  3.051852                  21.209419             23 
200           4000                  3.051852                  21.864933             24 

------------------------------------------------------------
Sender: LSF System <lsfadmin@hpc.dtu.dk>
Subject: Job 15182163: <par_mej> in cluster <dcc> Done

Job <par_mej> was submitted from host <n-62-30-2> by user <s222930> in cluster <dcc> at Fri Jan 13 16:10:50 2023
Job was executed on host(s) <24*n-62-21-77>, in queue <hpcintro>, as user <s222930> in cluster <dcc> at Fri Jan 13 16:10:52 2023
</zhome/d4/9/181446> was used as the home directory.
</zhome/d4/9/181446/workspace/HPC/Par_Simp_mej> was used as the working directory.
Started at Fri Jan 13 16:10:52 2023
Terminated at Fri Jan 13 16:27:57 2023
Results reported at Fri Jan 13 16:27:57 2023

Your job looked like:

------------------------------------------------------------
# LSBATCH: User input
#!/bin/bash

# 02614 - High-Performance Computing, January 2022

#BSUB -J par_mej
#BSUB -oo par.out
#BSUB -eo par.err
#BSUB -q hpcintro
#BSUB -n 24
#BSUB -R "rusage[mem=2048]"
#BSUB -R "select[model == XeonE5_2650v4]"
#BSUB -W 60
#BSUB -R "span[hosts=1]"

#export OMP_PROC_BIND=close

module load studio

EXECUTABLE=poisson_j
EXECOPTS="200 4000 1e-2 0 4"
export OMP_PROC_BIND=spread
#export OMP_PLACES={0},{11},{12},{23}
#export OMP_SCHEDULE=static
export OMP_DISPLAY_ENV=verbose
export OMP_WAIT_POLICY=active
CORES="1 2 3 4 5 6 7 8 9 10 11 12 13 14 15 16 17 18 19 20 21 22 23 24"
#CORES="1"

for C in $CORES
do
    export OMP_NUM_THREADS=$C
    collect -o $C.er -p on -S on -h dcm -h l2m -h l3m ./$EXECUTABLE $EXECOPTS $C
done
------------------------------------------------------------

Successfully completed.

Resource usage summary:

    CPU time :                                   8638.00 sec.
    Max Memory :                                 218 MB
    Average Memory :                             167.44 MB
    Total Requested Memory :                     49152.00 MB
    Delta Memory :                               48934.00 MB
    Max Swap :                                   -
    Max Processes :                              4
    Max Threads :                                27
    Run time :                                   1025 sec.
    Turnaround time :                            1027 sec.

The output (if any) is above this job summary.



PS:

Read file <par.err> for stderr output of this job.

